<?xml version="1.0" encoding="UTF-8"?>
<!-- Generated by org.testng.reporters.JUnitReportReporter -->
<testsuite hostname="LTIN487071" failures="0" tests="1" name="testCases.TC_002_LoginTest" time="0.877" errors="0" timestamp="2024-05-07T19:44:14 IST" skipped="0">
  <testcase classname="testCases.TC_002_LoginTest" name="verify_login" time="0.877"/>
</testsuite> <!-- testCases.TC_002_LoginTest -->
